Namespace(adj_path='./data/graphs/NASDAQ_1026_1026.npy', ann_embed_dim=128, ann_embed_num=89, ann_path=None, batch_size=1, dataset_type='NASDAQTimeDataset', dout=0.3, epochs=40, glstm_layers=1, gnn_layers=1, gpu=0, graph_attn=True, hidden_dim=128, inner_prod=False, input_dim=5, input_graph=False, label_cnt=1, lr=0.0004, lstm_layers=1, market='NASDAQ', mask_adj=True, mask_type='soft', model_type='MlpModel', normalize_adj=True, num_days=1, num_heads=1, print_inteval=600, rank_loss=False, relation_num=1, rsr_data_path='../Temporal_Relational_Stock_Ranking/data/2013-01-01', seed=10086, shuffle=True, side_info=False, sparse_adj_path='../data/icgraph_window_250_0.8/', stock_num=1931, test_mask_path='./data/NASDAQ/test_mask_237_1026.npy', test_path='./data/NASDAQ/test_237_1026_6.npy', top_stocks=5, train_mask_path='./data/NASDAQ/train_mask_756_1026.npy', train_path='./data/NASDAQ/train_756_1026_6.npy', use_adj=True)
#tickers selected: 1026
single EOD data shape: (1245, 6)
(1026, 1245, 5) (1026, 1245) (1026, 1245) (1026, 1245)
#tickers selected: 1026
single EOD data shape: (1245, 6)
(1026, 1245, 5) (1026, 1245) (1026, 1245) (1026, 1245)
11166
MlpModel(
  (fc1): Linear(in_features=5, out_features=128, bias=True)
  (fc2): Linear(in_features=128, out_features=128, bias=True)
  (fc3): Linear(in_features=128, out_features=128, bias=True)
  (fc4): Linear(in_features=128, out_features=1, bias=True)
  (dropout): Dropout(p=0.3, inplace=False)
  (relu): ReLU()
)
train 0, step: 0, loss: 0.0002562964509706944, grad_norm: 0.00025287971845347197, ic: 0.07660444199436953
train 0, step: 600, loss: 0.00017256042337976396, grad_norm: 2.1829474272803036e-06, ic: 0.03709713924623964
Epoch 0: 2022-05-06 16:07:05.709779: train loss: 0.0002230063813780157
Eval step 0: eval loss: 0.00022982760856393725
Eval: 2022-05-06 16:07:07.932945: total loss: 0.00019254662004379374, mse:0.00038509323735762713, ic :0.030854744287611306, sharpe5:0.41644630758091805, irr5:0.11963380873203278, ndcg5:0.8613712184890047, pnl5:1.151991844177246 
train 1, step: 0, loss: 0.00020418071653693914, grad_norm: 4.725855693283264e-06, ic: 0.06346971873733454
train 1, step: 600, loss: 0.0002301136846654117, grad_norm: 0.0002517153188512397, ic: 0.15313048252623052
Epoch 1: 2022-05-06 16:07:12.066061: train loss: 0.00021128283622011616
Eval step 0: eval loss: 0.00013031547132413834
Eval: 2022-05-06 16:07:14.340363: total loss: 0.00021715170053431717, mse:0.00043430339987635125, ic :0.02660003179226789, sharpe5:-0.9884132074937224, irr5:-0.24506524205207825, ndcg5:0.8581413452207272, pnl5:0.9455454349517822 
train 2, step: 0, loss: 0.00026272545801475644, grad_norm: 0.00020408575531225145, ic: 0.2357655824408552
train 2, step: 600, loss: 0.0003253076283726841, grad_norm: 0.00029105196202962785, ic: 0.040211015667616104
Epoch 2: 2022-05-06 16:07:18.596666: train loss: 0.00021033334688515563
Eval step 0: eval loss: 0.00020090841280762106
Eval: 2022-05-06 16:07:20.955242: total loss: 0.00018850212818198104, mse:0.00037700425519880627, ic :0.033249516025451814, sharpe5:1.2075473631173372, irr5:0.3656299412250519, ndcg5:0.8569459373492148, pnl5:1.2567799091339111 
train 3, step: 0, loss: 0.0001248762710019946, grad_norm: 1.663543653796846e-06, ic: 0.03952843982994052
train 3, step: 600, loss: 0.0001695446262601763, grad_norm: 8.199748870273162e-05, ic: 0.026262167120583334
Epoch 3: 2022-05-06 16:07:25.214198: train loss: 0.00021019515338864962
Eval step 0: eval loss: 0.0002554113743826747
Eval: 2022-05-06 16:07:27.396608: total loss: 0.0001966035225928339, mse:0.00039320704038078446, ic :0.025161465587216127, sharpe5:-0.9395888379961251, irr5:-0.20910057425498962, ndcg5:0.8557192391614141, pnl5:0.9513819217681885 
train 4, step: 0, loss: 0.00035808500251732767, grad_norm: 0.0003308787111468573, ic: 0.11202311989160992
train 4, step: 600, loss: 0.0001480744977016002, grad_norm: 0.00010604989640281828, ic: -0.10314732702292953
Epoch 4: 2022-05-06 16:07:31.561256: train loss: 0.00020929203714789137
Eval step 0: eval loss: 0.00023660970327910036
Eval: 2022-05-06 16:07:33.824911: total loss: 0.00019267961452912414, mse:0.0003853592285044834, ic :0.03021556027630766, sharpe5:-0.8609153687953949, irr5:-0.189596027135849, ndcg5:0.8529777616277652, pnl5:1.0006766319274902 
train 5, step: 0, loss: 0.0001267958723474294, grad_norm: 6.899112677649413e-05, ic: 0.09148467589040499
train 5, step: 600, loss: 0.00032039216603152454, grad_norm: 0.000347263125556025, ic: 0.05651752283311678
Epoch 5: 2022-05-06 16:07:37.901526: train loss: 0.00020861908292227474
Eval step 0: eval loss: 0.00021642143838107586
Eval: 2022-05-06 16:07:40.152721: total loss: 0.00018952801816586712, mse:0.0003790560305830648, ic :0.031631726787153557, sharpe5:-0.9478185690566897, irr5:-0.2077711820602417, ndcg5:0.8580266976727535, pnl5:0.9859880805015564 
train 6, step: 0, loss: 0.00019383996550459415, grad_norm: 1.8250576021631923e-05, ic: 0.09896092485802832
train 6, step: 600, loss: 0.0002775834291242063, grad_norm: 0.00022864225361154044, ic: 0.011185281837314473
Epoch 6: 2022-05-06 16:07:44.399507: train loss: 0.00020885978310194718
Eval step 0: eval loss: 0.0001934437605086714
Eval: 2022-05-06 16:07:46.691061: total loss: 0.00018854148587151785, mse:0.0003770829668870483, ic :0.03427086147329294, sharpe5:-0.6438305021077394, irr5:-0.14430028200149536, ndcg5:0.8564835173446924, pnl5:1.021741271018982 
train 7, step: 0, loss: 0.00043032600660808384, grad_norm: 0.0005012493805913093, ic: -0.05433688299097041
train 7, step: 600, loss: 0.00022969463316258043, grad_norm: 9.255949319644368e-05, ic: 0.06410775422246948
Epoch 7: 2022-05-06 16:07:51.191063: train loss: 0.00020882960015542446
Eval step 0: eval loss: 0.00018913872190751135
Eval: 2022-05-06 16:07:53.504798: total loss: 0.0001887012522120593, mse:0.00037740249957405865, ic :0.030757507388864774, sharpe5:-0.6936968087777495, irr5:-0.15030845999717712, ndcg5:0.8567647387345221, pnl5:1.0138624906539917 
train 8, step: 0, loss: 0.0003580849734134972, grad_norm: 0.0003541649065107826, ic: 0.0516751868608403
train 8, step: 600, loss: 0.0006109867244958878, grad_norm: 0.00010234365411877144, ic: 0.06662615199189299
Epoch 8: 2022-05-06 16:07:57.685864: train loss: 0.000208981006034451
Eval step 0: eval loss: 0.0001796384312910959
Eval: 2022-05-06 16:07:59.938800: total loss: 0.00018966197144359515, mse:0.00037932393518277116, ic :0.029104877636345866, sharpe5:-0.9161418817564845, irr5:-0.20339787006378174, ndcg5:0.851378111098627, pnl5:1.006901741027832 
train 9, step: 0, loss: 0.0002448472660034895, grad_norm: 3.198618325195264e-05, ic: 0.050851929275184816
train 9, step: 600, loss: 0.00020032405154779553, grad_norm: 2.838382169362538e-06, ic: -0.05372360463997711
Epoch 9: 2022-05-06 16:08:04.147599: train loss: 0.00020820370510344654
Eval step 0: eval loss: 0.00019347554189153016
Eval: 2022-05-06 16:08:06.469171: total loss: 0.00018857872184865193, mse:0.0003771574413565035, ic :0.02710990646503384, sharpe5:-0.5597413126006722, irr5:-0.12115748226642609, ndcg5:0.8508774948724739, pnl5:1.0373260974884033 
train 10, step: 0, loss: 0.00020536496595013887, grad_norm: 1.435750670213576e-05, ic: 0.0776733238544782
train 10, step: 600, loss: 0.0002050133771263063, grad_norm: 3.81677746499046e-06, ic: 0.038637493743939634
Epoch 10: 2022-05-06 16:08:10.736079: train loss: 0.00020876820947025095
Eval step 0: eval loss: 0.0001863703364506364
Eval: 2022-05-06 16:08:12.999445: total loss: 0.00018885756722060467, mse:0.00037771513551838724, ic :0.03535873792094799, sharpe5:0.2967620517499745, irr5:0.08583825826644897, ndcg5:0.8494041228072539, pnl5:1.230196475982666 
train 11, step: 0, loss: 0.00039191762334667146, grad_norm: 1.2786049054675944e-05, ic: 0.0772488219063441
train 11, step: 600, loss: 0.0002763177908491343, grad_norm: 7.724244267675527e-05, ic: 0.010035665314233434
Epoch 11: 2022-05-06 16:08:17.463495: train loss: 0.00020793080585276312
Eval step 0: eval loss: 0.0001890547719085589
Eval: 2022-05-06 16:08:19.821023: total loss: 0.00018869455087011468, mse:0.0003773890965935557, ic :0.03643563251843142, sharpe5:0.341508831102401, irr5:0.09971664845943451, ndcg5:0.8629125852621944, pnl5:1.266065001487732 
train 12, step: 0, loss: 0.00044484907994046807, grad_norm: 0.0005521094070559315, ic: 0.02605084439619476
train 12, step: 600, loss: 0.0002411489695077762, grad_norm: 1.5286450647245736e-05, ic: 0.041665705339001484
Epoch 12: 2022-05-06 16:08:24.072131: train loss: 0.00020824916956064274
Eval step 0: eval loss: 0.00022101617651060224
Eval: 2022-05-06 16:08:26.270550: total loss: 0.00019005124442505263, mse:0.0003801024829266177, ic :0.03277935947080928, sharpe5:-0.7444853930175304, irr5:-0.16147863864898682, ndcg5:0.8598732551294945, pnl5:1.0393935441970825 
train 13, step: 0, loss: 0.000245275063207373, grad_norm: 1.1318949114110962e-07, ic: 0.1011480581111103
train 13, step: 600, loss: 0.0004106249543838203, grad_norm: 0.00043010275987657873, ic: 0.17484488138206805
Epoch 13: 2022-05-06 16:08:30.524505: train loss: 0.00020734130282788415
Eval step 0: eval loss: 0.0002287818497279659
Eval: 2022-05-06 16:08:32.782348: total loss: 0.0001913135507123316, mse:0.0003826271003389148, ic :0.03364474936592913, sharpe5:-0.6757392959296703, irr5:-0.15430016815662384, ndcg5:0.8501927080121587, pnl5:0.9672392010688782 
train 14, step: 0, loss: 8.098065882222727e-05, grad_norm: 1.4797868991861172e-05, ic: 0.043919477252797004
train 14, step: 600, loss: 0.00015281533706001937, grad_norm: 1.0941999443135707e-05, ic: 0.11510786087456189
Epoch 14: 2022-05-06 16:08:36.974535: train loss: 0.0002072160880255593
Eval step 0: eval loss: 0.00017761073831934482
Eval: 2022-05-06 16:08:39.207542: total loss: 0.0001898679399300047, mse:0.0003797358785456727, ic :0.034192077869448126, sharpe5:0.2500531268678605, irr5:0.07379720360040665, ndcg5:0.8491951058229718, pnl5:1.1787116527557373 
train 15, step: 0, loss: 0.00027080203290097415, grad_norm: 0.00010774063172812707, ic: 0.0064007582292804725
train 15, step: 600, loss: 8.856962085701525e-05, grad_norm: 8.71768277420938e-08, ic: 0.03956579410032627
Epoch 15: 2022-05-06 16:08:43.316563: train loss: 0.00020823078246406335
Eval step 0: eval loss: 0.00023349000548478216
Eval: 2022-05-06 16:08:45.547666: total loss: 0.0001924220785872036, mse:0.00038484415673739695, ic :0.030767661165955744, sharpe5:0.5095223530009388, irr5:0.12893180549144745, ndcg5:0.8558760863385274, pnl5:1.0344051122665405 
train 16, step: 0, loss: 0.00015142158372327685, grad_norm: 1.2928303125092046e-06, ic: 0.07371965019887314
train 16, step: 600, loss: 0.00023999737459234893, grad_norm: 0.0001266160294309257, ic: 0.14717858778124712
Epoch 16: 2022-05-06 16:08:49.764902: train loss: 0.00020740459310657973
Eval step 0: eval loss: 0.0001554577174829319
Eval: 2022-05-06 16:08:51.889629: total loss: 0.00019666434956765812, mse:0.00039332869004526575, ic :0.031158485892247775, sharpe5:-0.6790237864851951, irr5:-0.14882098138332367, ndcg5:0.8514342957395289, pnl5:0.9671595096588135 
train 17, step: 0, loss: 0.0002248341334052384, grad_norm: 0.00012337491770144678, ic: 0.08179223395726784
train 17, step: 600, loss: 0.00013431570550892502, grad_norm: 6.557750795347882e-06, ic: 0.07095394468262692
Epoch 17: 2022-05-06 16:08:56.136260: train loss: 0.0002078180464057079
Eval step 0: eval loss: 0.00017908602603711188
Eval: 2022-05-06 16:08:58.375140: total loss: 0.00018976673576832844, mse:0.0003795334663860993, ic :0.02674614345282446, sharpe5:-0.933023877069354, irr5:-0.2031598687171936, ndcg5:0.8521066095575455, pnl5:0.9858502149581909 
train 18, step: 0, loss: 0.00015529511438217014, grad_norm: 8.974245393596828e-06, ic: 0.06959626581789499
train 18, step: 600, loss: 0.00015316101780626923, grad_norm: 2.581453502408005e-05, ic: 0.052319615163571496
Epoch 18: 2022-05-06 16:09:02.732950: train loss: 0.000207285669217671
Eval step 0: eval loss: 0.00016884486831258982
Eval: 2022-05-06 16:09:05.007858: total loss: 0.00019150849911349756, mse:0.0003830170003508999, ic :0.02757690619938026, sharpe5:-0.8160671389102936, irr5:-0.17701321840286255, ndcg5:0.8540054213465103, pnl5:0.9728346467018127 
train 19, step: 0, loss: 0.00018300852389074862, grad_norm: 0.00018647202450738728, ic: 0.003190649850776295
train 19, step: 600, loss: 0.00010372564429417253, grad_norm: 1.488032502400091e-06, ic: 0.06762135373254585
Epoch 19: 2022-05-06 16:09:09.467591: train loss: 0.00020843105943255214
Eval step 0: eval loss: 0.00019867284572683275
Eval: 2022-05-06 16:09:11.682536: total loss: 0.00018845433701013246, mse:0.00037690866731603784, ic :0.0335809035282652, sharpe5:-0.8955258446931839, irr5:-0.19484955072402954, ndcg5:0.8568243831707646, pnl5:0.9755465984344482 
train 20, step: 0, loss: 0.0001638925023144111, grad_norm: 8.542821200990509e-07, ic: 0.06655270087844252
train 20, step: 600, loss: 0.0004409249231684953, grad_norm: 0.0004470916292393056, ic: 0.07271900883398608
Epoch 20: 2022-05-06 16:09:15.978036: train loss: 0.00020769482504712133
Eval step 0: eval loss: 0.0001970825542230159
Eval: 2022-05-06 16:09:18.264294: total loss: 0.00018850499654328846, mse:0.0003770099914106081, ic :0.030128851776901614, sharpe5:0.5919349483028054, irr5:0.17372898757457733, ndcg5:0.8589260124876736, pnl5:1.1142539978027344 
train 21, step: 0, loss: 0.0001660806592553854, grad_norm: 0.00010089396987080549, ic: 0.059108241006947684
train 21, step: 600, loss: 0.0004562406102195382, grad_norm: 0.00038624715177674725, ic: -0.05249511998882686
Epoch 21: 2022-05-06 16:09:22.518898: train loss: 0.00020791651899440658
Eval step 0: eval loss: 0.00020556994422804564
Eval: 2022-05-06 16:09:24.765129: total loss: 0.00018880557683464218, mse:0.00037761115227148766, ic :0.030139507676602898, sharpe5:-0.3831135703995824, irr5:-0.08633128553628922, ndcg5:0.8487611555273779, pnl5:1.0003557205200195 
train 22, step: 0, loss: 0.0002672462724149227, grad_norm: 0.0001877920316804999, ic: -0.1585120860928712
train 22, step: 600, loss: 0.00012368199531920254, grad_norm: 2.5408769497736758e-05, ic: 0.05983819869397498
Epoch 22: 2022-05-06 16:09:28.958632: train loss: 0.0002073797196479798
Eval step 0: eval loss: 0.00020295765716582537
Eval: 2022-05-06 16:09:31.176827: total loss: 0.00018882571243073287, mse:0.00037765142202804175, ic :0.030558093919701726, sharpe5:-0.953333493322134, irr5:-0.2081514596939087, ndcg5:0.8493037048802774, pnl5:0.9658706188201904 
train 23, step: 0, loss: 0.0001329513906966895, grad_norm: 3.019174067255183e-05, ic: 0.06657591058348265
train 23, step: 600, loss: 0.00022404863557312638, grad_norm: 8.585492946958352e-06, ic: 0.05342474671289057
Epoch 23: 2022-05-06 16:09:35.476210: train loss: 0.00020748867845761786
Eval step 0: eval loss: 0.00024976275744847953
Eval: 2022-05-06 16:09:37.699860: total loss: 0.00019578033502280743, mse:0.00039156066449095537, ic :0.029935969156226743, sharpe5:-0.8772350112721323, irr5:-0.19117885828018188, ndcg5:0.8348422052762706, pnl5:0.962351381778717 
train 24, step: 0, loss: 0.0001433377037756145, grad_norm: 3.947457397481925e-06, ic: 0.01700459499449681
train 24, step: 600, loss: 0.0002352809824515134, grad_norm: 5.373036744915804e-06, ic: -0.02824866024101264
Epoch 24: 2022-05-06 16:09:41.924559: train loss: 0.00020798084888216386
Eval step 0: eval loss: 0.00021871874923817813
Eval: 2022-05-06 16:09:44.155110: total loss: 0.00018998320753117864, mse:0.000379966406311527, ic :0.0288526338507949, sharpe5:-0.8772350112721323, irr5:-0.19117885828018188, ndcg5:0.8518597751086111, pnl5:0.962351381778717 
train 25, step: 0, loss: 0.00010736543481471017, grad_norm: 8.901718466168835e-06, ic: 0.06925687828824398
train 25, step: 600, loss: 0.00013577681966125965, grad_norm: 1.2496445073314677e-07, ic: 0.08059309579329133
Epoch 25: 2022-05-06 16:09:48.321757: train loss: 0.00020692658154135846
Eval step 0: eval loss: 0.0001907660043798387
Eval: 2022-05-06 16:09:50.537980: total loss: 0.00018870480136868892, mse:0.00037740959745639994, ic :0.028559688955063355, sharpe5:-0.49786062609404325, irr5:-0.11404145509004593, ndcg5:0.8554335260467179, pnl5:0.9966591596603394 
train 26, step: 0, loss: 0.0002318241895409301, grad_norm: 0.0002185249848965676, ic: -0.06349047445538697
train 26, step: 600, loss: 0.00021873667719773948, grad_norm: 0.0001588055953290888, ic: -0.0027388591468502053
Epoch 26: 2022-05-06 16:09:54.816030: train loss: 0.0002070648023877555
Eval step 0: eval loss: 0.0001887148682726547
Eval: 2022-05-06 16:09:57.053195: total loss: 0.0001886698711918513, mse:0.0003773397401743686, ic :0.03075265716366195, sharpe5:0.7660627862066031, irr5:0.22471396625041962, ndcg5:0.8474343327591572, pnl5:1.3650070428848267 
train 27, step: 0, loss: 0.00038320416933856905, grad_norm: 0.00010461440718785207, ic: -0.014011848430206576
train 27, step: 600, loss: 0.00044157219235785306, grad_norm: 0.000572547029049503, ic: -0.07483616850355329
Epoch 27: 2022-05-06 16:10:01.336556: train loss: 0.00020745375752795968
Eval step 0: eval loss: 0.00024190418480429798
Eval: 2022-05-06 16:10:03.651490: total loss: 0.0001941172255810362, mse:0.00038823444900856145, ic :0.023116337621298184, sharpe5:-0.9513582821935415, irr5:-0.207686185836792, ndcg5:0.8470097830347346, pnl5:0.9662091732025146 
train 28, step: 0, loss: 9.488109935773537e-05, grad_norm: 3.392171477830888e-05, ic: 0.020438370924942523
train 28, step: 600, loss: 0.00011482964328024536, grad_norm: 2.9768905239698326e-05, ic: -0.014263564022624107
Epoch 28: 2022-05-06 16:10:08.002416: train loss: 0.00020734510823563113
Eval step 0: eval loss: 0.0002518287510611117
Eval: 2022-05-06 16:10:10.254221: total loss: 0.00019615985541550197, mse:0.0003923197048237589, ic :0.02661116722677759, sharpe5:-0.9203432108089328, irr5:-0.20063281059265137, ndcg5:0.8452969448343263, pnl5:0.9713715314865112 
train 29, step: 0, loss: 0.00022281281417235732, grad_norm: 4.417009278029224e-05, ic: 0.07776666676080829
train 29, step: 600, loss: 8.724071085453033e-05, grad_norm: 9.510624404610164e-08, ic: 0.07342789832911935
Epoch 29: 2022-05-06 16:10:14.495003: train loss: 0.00020729656498829081
Eval step 0: eval loss: 0.00023684767074882984
Eval: 2022-05-06 16:10:16.695781: total loss: 0.00019290566746410875, mse:0.00038581133473956404, ic :0.023270356123323635, sharpe5:-0.9141773714125156, irr5:-0.19989389181137085, ndcg5:0.8617627566640393, pnl5:0.9729344844818115 
train 30, step: 0, loss: 0.0002789210411719978, grad_norm: 9.690329834033187e-06, ic: 0.1425311807136017
train 30, step: 600, loss: 0.0005114848027005792, grad_norm: 0.0005429020317516827, ic: -0.010312980067352612
Epoch 30: 2022-05-06 16:10:20.992886: train loss: 0.00020709187028962743
Eval step 0: eval loss: 0.00020824684179387987
Eval: 2022-05-06 16:10:23.226735: total loss: 0.00018904249419253991, mse:0.00037808498323010757, ic :0.02120394281253669, sharpe5:-0.9513583413138985, irr5:-0.207686185836792, ndcg5:0.8432938751367552, pnl5:0.9662092328071594 
train 31, step: 0, loss: 0.00030911958310753107, grad_norm: 2.4535471128967687e-06, ic: 0.095677985090234
train 31, step: 600, loss: 0.000264334084931761, grad_norm: 0.00013642521821177056, ic: 0.24742655549708997
Epoch 31: 2022-05-06 16:10:27.409696: train loss: 0.00020705719747976092
Eval step 0: eval loss: 0.00023906257410999388
Eval: 2022-05-06 16:10:29.616481: total loss: 0.00019325849677705387, mse:0.00038651698865231274, ic :0.016332053174175933, sharpe5:-0.9513582821935415, irr5:-0.20768621563911438, ndcg5:0.8566005549099766, pnl5:0.966209352016449 
train 32, step: 0, loss: 0.0001559379743412137, grad_norm: 0.00010961042267437249, ic: 0.06750268969612225
train 32, step: 600, loss: 0.00022225531574804336, grad_norm: 0.00010415131957030065, ic: 0.05900083522304936
Epoch 32: 2022-05-06 16:10:33.867967: train loss: 0.00020696235060674873
Eval step 0: eval loss: 0.00019648269517347217
Eval: 2022-05-06 16:10:36.106921: total loss: 0.00018871346459861142, mse:0.0003774269222478448, ic :0.015966910992149103, sharpe5:-0.9393525339290499, irr5:-0.2050786316394806, ndcg5:0.8516124588338035, pnl5:0.951998770236969 
train 33, step: 0, loss: 0.00017902656691148877, grad_norm: 8.477437554455766e-05, ic: 0.06210643333602649
train 33, step: 600, loss: 0.00019028453971259296, grad_norm: 0.00010522893248071186, ic: 0.07704532698262331
Epoch 33: 2022-05-06 16:10:40.318673: train loss: 0.00020676315885456587
Eval step 0: eval loss: 0.00021631841082125902
Eval: 2022-05-06 16:10:42.559753: total loss: 0.00018969606969483844, mse:0.0003793921399093893, ic :0.01483871551467221, sharpe5:-0.9393525339290499, irr5:-0.20507866144180298, ndcg5:0.8447175801983651, pnl5:0.951998770236969 
train 34, step: 0, loss: 0.00011019858357030898, grad_norm: 1.7037824644246247e-07, ic: 0.023640319301478755
train 34, step: 600, loss: 8.764630911173299e-05, grad_norm: 2.460395289757032e-07, ic: 0.03922360407107627
Epoch 34: 2022-05-06 16:10:46.854429: train loss: 0.0002070782955933288
Eval step 0: eval loss: 0.00021253399609122425
Eval: 2022-05-06 16:10:49.127202: total loss: 0.00018921664685861333, mse:0.00037843329056832674, ic :0.018179957011967524, sharpe5:-0.9513582821935415, irr5:-0.20768621563911438, ndcg5:0.8545660231098324, pnl5:0.9662092328071594 
train 35, step: 0, loss: 0.00020620416034944355, grad_norm: 8.49175636926486e-05, ic: 0.026257430491149952
train 35, step: 600, loss: 8.564953895984218e-05, grad_norm: 4.3989463705880756e-05, ic: -0.0014667492751585538
Epoch 35: 2022-05-06 16:10:53.431842: train loss: 0.0002067117300877172
Eval step 0: eval loss: 0.00020965667499694973
Eval: 2022-05-06 16:10:55.655359: total loss: 0.00018903602324564294, mse:0.0003780720434923597, ic :0.02455104321752584, sharpe5:-0.9513583413138985, irr5:-0.207686185836792, ndcg5:0.8472381042512407, pnl5:0.9662092328071594 
train 36, step: 0, loss: 0.00017890972958412021, grad_norm: 0.00012447625122683729, ic: -0.14390592638809313
train 36, step: 600, loss: 0.0009009370114654303, grad_norm: 0.0009858510435466535, ic: -0.0948485261966131
Epoch 36: 2022-05-06 16:10:59.843085: train loss: 0.00020679476700699272
Eval step 0: eval loss: 0.00024208652030210942
Eval: 2022-05-06 16:11:02.059076: total loss: 0.0001938146465902919, mse:0.0003876292916289077, ic :0.015708382991991114, sharpe5:-0.939352711290121, irr5:-0.20507866144180298, ndcg5:0.8601830402001862, pnl5:0.951998770236969 
train 37, step: 0, loss: 0.0002926353772636503, grad_norm: 4.655715130245975e-05, ic: 0.154313690796691
train 37, step: 600, loss: 0.00023656708071939647, grad_norm: 1.91785909286648e-05, ic: 0.04939686207314012
Epoch 37: 2022-05-06 16:11:06.470133: train loss: 0.00020659077716551856
Eval step 0: eval loss: 0.00020453069009818137
Eval: 2022-05-06 16:11:08.716334: total loss: 0.0001887494285472065, mse:0.00037749884945797513, ic :0.023447649731248806, sharpe5:-0.9291091043874621, irr5:-0.20291614532470703, ndcg5:0.8552456424505196, pnl5:0.9538348913192749 
train 38, step: 0, loss: 0.00021268747514113784, grad_norm: 0.0001136552005088598, ic: 0.0747154700525544
train 38, step: 600, loss: 0.00033164327032864094, grad_norm: 7.577983273360459e-05, ic: 0.17590868499271034
Epoch 38: 2022-05-06 16:11:12.998789: train loss: 0.00020653817776936748
Eval step 0: eval loss: 0.00024921426665969193
Eval: 2022-05-06 16:11:15.239839: total loss: 0.00019547819758403327, mse:0.00039095639309151125, ic :0.028329739537334583, sharpe5:-0.32493095090612767, irr5:-0.07243727892637253, ndcg5:0.8509943189738726, pnl5:0.9603419303894043 
train 39, step: 0, loss: 0.0001722737360978499, grad_norm: 0.00012765330628314065, ic: 0.0648711921281177
train 39, step: 600, loss: 0.00017495719657745212, grad_norm: 8.842151657235261e-05, ic: -0.010148736946149393
Epoch 39: 2022-05-06 16:11:19.394094: train loss: 0.00020696324596392756
Eval step 0: eval loss: 0.00020641728769987822
Eval: 2022-05-06 16:11:21.844963: total loss: 0.00018893966218949912, mse:0.00037787932023763157, ic :0.01368877709284801, sharpe5:-0.8980780705064535, irr5:-0.1958627700805664, ndcg5:0.848510443566112, pnl5:0.9589345455169678 
