Namespace(adj_path='./data/graphs/NYSE_1737_1737.npy', ann_embed_dim=128, ann_embed_num=89, ann_path=None, batch_size=1, dataset_type='NASDAQTimeDataset', dout=0.3, epochs=40, glstm_layers=1, gnn_layers=1, gpu=0, graph_attn=True, hidden_dim=128, inner_prod=False, input_dim=5, input_graph=False, label_cnt=1, lr=0.0004, lstm_layers=1, market='NYSE', mask_adj=True, mask_type='soft', model_type='MlpModel', normalize_adj=True, num_days=8, num_heads=1, print_inteval=500, rank_loss=False, relation_num=1, rsr_data_path='../Temporal_Relational_Stock_Ranking/data/2013-01-01', seed=10086, shuffle=True, side_info=False, sparse_adj_path='../data/icgraph_window_250_0.8/', stock_num=1931, test_mask_path='./data/NYSE/test_mask_237_1737.npy', test_path='./data/NYSE/test_237_1737_6.npy', top_stocks=5, train_mask_path='./data/NYSE/train_mask_756_1737.npy', train_path='./data/NYSE/train_756_1737_6.npy', use_adj=True)
#tickers selected: 1737
single EOD data shape: (1245, 6)
(1737, 1245, 5) (1737, 1245) (1737, 1245) (1737, 1245)
#tickers selected: 1737
single EOD data shape: (1245, 6)
(1737, 1245, 5) (1737, 1245) (1737, 1245) (1737, 1245)
92677
MlpModel(
  (fc1): Linear(in_features=5, out_features=128, bias=True)
  (fc2): Linear(in_features=128, out_features=128, bias=True)
  (fc3): Linear(in_features=128, out_features=128, bias=True)
  (fc4): Linear(in_features=128, out_features=1, bias=True)
  (dropout): Dropout(p=0.3, inplace=False)
  (relu): ReLU()
)
train 0, step: 0, loss: 0.00012293073814362288, grad_norm: 6.652836897076578e-06, ic: -0.021707191996886956
train 0, step: 500, loss: 6.751579348929226e-05, grad_norm: 7.072025255790571e-07, ic: -0.0016505207338998167
Epoch 0: 2022-05-05 16:52:26.824045: train loss: 0.00013789095247827688
Eval step 0: eval loss: 7.109536818461493e-05
Eval: 2022-05-05 16:52:29.406386: total loss: 0.00011470602619015372, mse:0.00022941205605282795, ic :0.01852339194763694, sharpe5:0.9877718107402325, irr5:0.32272276282310486, ndcg5:0.8576012423169392, pnl5:1.0366666316986084 
train 1, step: 0, loss: 9.98391697066836e-05, grad_norm: 8.039491823484538e-05, ic: 0.248309054183411
train 1, step: 500, loss: 8.789102867012843e-05, grad_norm: 4.3550256383211144e-05, ic: 0.002142547153984876
Epoch 1: 2022-05-05 16:52:34.758758: train loss: 0.00013073061433914747
Eval step 0: eval loss: 6.587199459318072e-05
Eval: 2022-05-05 16:52:37.342473: total loss: 0.00011312646810593201, mse:0.000226252940327285, ic :0.013341909348035858, sharpe5:0.2883683799393475, irr5:0.08792509883642197, ndcg5:0.8565112381836054, pnl5:0.9353244304656982 
train 2, step: 0, loss: 7.977610948728397e-05, grad_norm: 5.417074362376316e-06, ic: 0.08051959435427715
train 2, step: 500, loss: 7.15211353963241e-05, grad_norm: 7.150472835755538e-07, ic: 0.03472457193035235
Epoch 2: 2022-05-05 16:52:42.232101: train loss: 0.00012878211163525828
Eval step 0: eval loss: 6.123061029938981e-05
Eval: 2022-05-05 16:52:44.742476: total loss: 0.00011349886214928945, mse:0.0002269977276701859, ic :0.007409707514628228, sharpe5:0.40705764016136525, irr5:0.12496007233858109, ndcg5:0.849844561328422, pnl5:0.9880316853523254 
train 3, step: 0, loss: 0.00010857212328119203, grad_norm: 9.798737727541267e-06, ic: -0.2632730080490332
train 3, step: 500, loss: 0.00012210466957185417, grad_norm: 2.9923964270610914e-05, ic: -0.052584240387048474
Epoch 3: 2022-05-05 16:52:49.725579: train loss: 0.0001295096402205225
Eval step 0: eval loss: 7.420769543386996e-05
Eval: 2022-05-05 16:52:52.354555: total loss: 0.00011603281890485928, mse:0.0002320656428716276, ic :0.009065266812983645, sharpe5:0.46851945893839, irr5:0.1467796266078949, ndcg5:0.8492667792731509, pnl5:0.9998223781585693 
train 4, step: 0, loss: 7.728774653514847e-05, grad_norm: 7.615937571100576e-06, ic: 0.011648993295629805
train 4, step: 500, loss: 7.820038445061073e-05, grad_norm: 4.681114104048115e-06, ic: 0.02639758366377988
Epoch 4: 2022-05-05 16:52:57.578898: train loss: 0.00012762837432967505
Eval step 0: eval loss: 6.0008947912137955e-05
Eval: 2022-05-05 16:53:00.066525: total loss: 0.00011727210353436172, mse:0.00023454421108314927, ic :0.011445715518585666, sharpe5:0.605012075677514, irr5:0.1917773187160492, ndcg5:0.8525996837957326, pnl5:1.024141550064087 
train 5, step: 0, loss: 0.00013206558651290834, grad_norm: 5.723955796091596e-05, ic: 0.24787840275132533
train 5, step: 500, loss: 0.0005491086049005389, grad_norm: 0.0007228748882299702, ic: -0.2843481083200933
Epoch 5: 2022-05-05 16:53:05.531870: train loss: 0.00012765668676356022
Eval step 0: eval loss: 8.415096090175211e-05
Eval: 2022-05-05 16:53:08.047163: total loss: 0.00012106948554595651, mse:0.00024213897627646885, ic :0.007511500915500629, sharpe5:0.2937956287153065, irr5:0.08919458836317062, ndcg5:0.849615989357526, pnl5:1.0045188665390015 
train 6, step: 0, loss: 9.829016926232725e-05, grad_norm: 4.874884107252547e-05, ic: 0.22427756542875418
train 6, step: 500, loss: 7.256242679432034e-05, grad_norm: 1.9065879580809488e-05, ic: 0.1406438848621605
Epoch 6: 2022-05-05 16:53:12.831714: train loss: 0.00012762276760610954
Eval step 0: eval loss: 7.179567182902247e-05
Eval: 2022-05-05 16:53:15.385011: total loss: 0.00011500352529090052, mse:0.00023000705352903698, ic :0.010567435703881035, sharpe5:0.3246028329245746, irr5:0.0985070988535881, ndcg5:0.8492350731136165, pnl5:1.0094910860061646 
train 7, step: 0, loss: 9.960612806025892e-05, grad_norm: 2.335752271109049e-06, ic: 0.01468588259646096
train 7, step: 500, loss: 0.00020152931392658502, grad_norm: 1.0027928703829658e-05, ic: 0.23037342673964814
Epoch 7: 2022-05-05 16:53:20.654743: train loss: 0.00012757341956167562
Eval step 0: eval loss: 6.640709761995822e-05
Eval: 2022-05-05 16:53:23.293185: total loss: 0.00011289744301051954, mse:0.00022579488572413678, ic :0.012098769215726824, sharpe5:0.3308666938729584, irr5:0.10022992640733719, ndcg5:0.8558229037481182, pnl5:0.9757816791534424 
train 8, step: 0, loss: 9.118767047766596e-05, grad_norm: 7.61502985929765e-06, ic: 0.10024816600834448
train 8, step: 500, loss: 8.085410081548616e-05, grad_norm: 1.572825582649939e-07, ic: 0.09832969819885629
Epoch 8: 2022-05-05 16:53:28.511075: train loss: 0.00012773753675225348
Eval step 0: eval loss: 6.027277049724944e-05
Eval: 2022-05-05 16:53:31.200218: total loss: 0.0001149922286200451, mse:0.00022998445742107004, ic :0.001688964838313098, sharpe5:-0.13722080217674373, irr5:-0.04053517431020737, ndcg5:0.848696890660726, pnl5:1.0214896202087402 
train 9, step: 0, loss: 0.00011292983253952116, grad_norm: 1.1420888827446489e-08, ic: 0.026612762519831565
train 9, step: 500, loss: 5.233563206274994e-05, grad_norm: 2.4381705503333828e-06, ic: -0.010321755635532164
Epoch 9: 2022-05-05 16:53:35.951169: train loss: 0.00012714529077645096
Eval step 0: eval loss: 6.0257039876887575e-05
Eval: 2022-05-05 16:53:38.536931: total loss: 0.00011531433165741894, mse:0.0002306286671547229, ic :0.0014855113952852155, sharpe5:0.0270834494009614, irr5:0.008474418893456459, ndcg5:0.8423854001235724, pnl5:0.9448165893554688 
train 10, step: 0, loss: 4.6717712393729016e-05, grad_norm: 8.516278532297783e-07, ic: 0.03974433277611804
train 10, step: 500, loss: 0.00012155919102951884, grad_norm: 3.4149964385695665e-05, ic: 0.18239178626571345
Epoch 10: 2022-05-05 16:53:43.425342: train loss: 0.00012791889652274897
Eval step 0: eval loss: 7.497409387724474e-05
Eval: 2022-05-05 16:53:46.061642: total loss: 0.00011617833032048059, mse:0.00023235666267500043, ic :0.013381391444393348, sharpe5:0.039780055987648666, irr5:0.011323157697916031, ndcg5:0.8401462609893645, pnl5:1.0155019760131836 
train 11, step: 0, loss: 9.798441169550642e-05, grad_norm: 5.092705804026824e-06, ic: 0.004958981910567085
train 11, step: 500, loss: 8.504028664901853e-05, grad_norm: 2.410890714308837e-06, ic: 0.010470493614251026
Epoch 11: 2022-05-05 16:53:51.250155: train loss: 0.00012750724251909656
Eval step 0: eval loss: 6.085394124966115e-05
Eval: 2022-05-05 16:53:53.844888: total loss: 0.00011384252116427753, mse:0.00022768504710113694, ic :0.005905435550908613, sharpe5:0.430334122851491, irr5:0.12915371358394623, ndcg5:0.8492403880051946, pnl5:1.2066937685012817 
train 12, step: 0, loss: 9.060009324457496e-05, grad_norm: 2.3903674853452957e-05, ic: -0.02086972327972988
train 12, step: 500, loss: 7.80522677814588e-05, grad_norm: 1.5817610216647337e-07, ic: 0.07547988688193238
Epoch 12: 2022-05-05 16:53:59.266258: train loss: 0.00012696644847269917
Eval step 0: eval loss: 6.539746391354129e-05
Eval: 2022-05-05 16:54:01.621227: total loss: 0.0001126917031559052, mse:0.00022538340952306783, ic :0.016107051782726645, sharpe5:0.5483946380764245, irr5:0.16600032150745392, ndcg5:0.8511171635552127, pnl5:1.0710523128509521 
train 13, step: 0, loss: 8.295746374642476e-05, grad_norm: 1.4309405650148354e-05, ic: -0.04804219579261461
train 13, step: 500, loss: 6.193416629685089e-05, grad_norm: 4.488318166438893e-07, ic: -0.08560619318355286
Epoch 13: 2022-05-05 16:54:06.565000: train loss: 0.0001271411657705265
Eval step 0: eval loss: 7.309218926820904e-05
Eval: 2022-05-05 16:54:09.280326: total loss: 0.00011525022252765281, mse:0.00023050044813869542, ic :0.01525162208504019, sharpe5:0.29515968315303326, irr5:0.08998768776655197, ndcg5:0.8485044323062628, pnl5:0.9870887398719788 
train 14, step: 0, loss: 9.992700506700203e-05, grad_norm: 3.344136292754147e-06, ic: 0.02797347935142305
train 14, step: 500, loss: 0.0001159778330475092, grad_norm: 6.003816386605121e-06, ic: 0.016437636804692513
Epoch 14: 2022-05-05 16:54:14.563148: train loss: 0.00012694034851356168
Eval step 0: eval loss: 6.132967973826453e-05
Eval: 2022-05-05 16:54:17.127246: total loss: 0.00011330943761289722, mse:0.0002266188788596048, ic :0.00722647581684193, sharpe5:0.10168500401079654, irr5:0.030903620645403862, ndcg5:0.837908347784434, pnl5:0.9732847213745117 
train 15, step: 0, loss: 7.148666918510571e-05, grad_norm: 4.315236404408648e-06, ic: 0.14641653810875174
train 15, step: 500, loss: 7.777278369758278e-05, grad_norm: 2.2030725761701375e-05, ic: 0.04951837915765844
Epoch 15: 2022-05-05 16:54:22.429999: train loss: 0.00012689229120747223
Eval step 0: eval loss: 6.038944411557168e-05
Eval: 2022-05-05 16:54:25.022150: total loss: 0.00011429228783622242, mse:0.00022858458019302938, ic :0.009618388153624001, sharpe5:0.14918221017345784, irr5:0.04422697424888611, ndcg5:0.8501913463033514, pnl5:0.9481161236763 
train 16, step: 0, loss: 9.816176316235214e-05, grad_norm: 1.904686473929732e-05, ic: 0.21769469465647934
train 16, step: 500, loss: 8.961297135101631e-05, grad_norm: 1.0968100830897087e-05, ic: 0.06482252486594427
Epoch 16: 2022-05-05 16:54:29.935842: train loss: 0.0001275762225076199
Eval step 0: eval loss: 8.32191071822308e-05
Eval: 2022-05-05 16:54:32.396189: total loss: 0.00012030638652695058, mse:0.00024061277449046272, ic :-0.001445371703595324, sharpe5:0.25637250183150173, irr5:0.07107343524694443, ndcg5:0.8457328202700093, pnl5:0.9487727284431458 
train 17, step: 0, loss: 7.581458339700475e-05, grad_norm: 7.310415822530896e-07, ic: 0.05883449079108641
train 17, step: 500, loss: 7.737083069514483e-05, grad_norm: 1.5129350013370093e-05, ic: 0.09471718362118603
Epoch 17: 2022-05-05 16:54:37.481552: train loss: 0.00012765914933476004
Eval step 0: eval loss: 7.285119500011206e-05
Eval: 2022-05-05 16:54:39.974074: total loss: 0.00011500194667816654, mse:0.00023000389525268313, ic :-0.002489443216868259, sharpe5:0.21290046083740888, irr5:0.06465424597263336, ndcg5:0.8680483075536306, pnl5:0.9738109111785889 
train 18, step: 0, loss: 0.0002233397972304374, grad_norm: 0.00022743013893247358, ic: 0.12144550126587667
train 18, step: 500, loss: 0.00019296997925266623, grad_norm: 0.00017168329501970677, ic: 0.04258394574951093
Epoch 18: 2022-05-05 16:54:45.042544: train loss: 0.000126905044570178
Eval step 0: eval loss: 6.789201870560646e-05
Eval: 2022-05-05 16:54:47.614989: total loss: 0.00011327284169075787, mse:0.00022654568648000886, ic :-0.0033017625535826075, sharpe5:0.3218433902598917, irr5:0.0991370901465416, ndcg5:0.8535218119979301, pnl5:0.9578946232795715 
train 19, step: 0, loss: 0.00013959869102109224, grad_norm: 7.623431073563438e-05, ic: -0.10209780752512092
train 19, step: 500, loss: 0.00011820437794085592, grad_norm: 2.5733526594222714e-05, ic: 0.03535924482704059
Epoch 19: 2022-05-05 16:54:52.925692: train loss: 0.00012671715349936671
Eval step 0: eval loss: 6.195405876496807e-05
Eval: 2022-05-05 16:54:55.425813: total loss: 0.00011311290778616732, mse:0.00022622581828160476, ic :-0.003049424708398736, sharpe5:0.19256644265726208, irr5:0.05837027728557587, ndcg5:0.8418109998850671, pnl5:0.9371163249015808 
train 20, step: 0, loss: 0.00011204773909412324, grad_norm: 2.087113448962194e-06, ic: -0.14600220812282055
train 20, step: 500, loss: 9.620024502510205e-05, grad_norm: 1.876752314782988e-05, ic: 0.06985700480031751
Epoch 20: 2022-05-05 16:55:00.351196: train loss: 0.00012704048780029495
Eval step 0: eval loss: 6.179025513119996e-05
Eval: 2022-05-05 16:55:02.924825: total loss: 0.00011331904000235624, mse:0.00022663808266372307, ic :-0.003489727549199919, sharpe5:0.24492062263190745, irr5:0.07437168806791306, ndcg5:0.8549707948342342, pnl5:0.9451543688774109 
train 21, step: 0, loss: 0.0001658588444115594, grad_norm: 0.0001227471163384005, ic: 0.014586896335511041
train 21, step: 500, loss: 8.68691859068349e-05, grad_norm: 1.0081352679575423e-05, ic: 0.07695476809293339
Epoch 21: 2022-05-05 16:55:08.033066: train loss: 0.0001267799564527832
Eval step 0: eval loss: 6.829285848652944e-05
Eval: 2022-05-05 16:55:10.582902: total loss: 0.00011333464848830296, mse:0.000226669300014192, ic :-0.003289930765427225, sharpe5:0.3036084551364183, irr5:0.0930006131529808, ndcg5:0.8650008340360932, pnl5:0.9542321562767029 
train 22, step: 0, loss: 0.00014070121687836945, grad_norm: 1.0512099650589077e-05, ic: -0.022435675450642092
train 22, step: 500, loss: 0.00010873252176679671, grad_norm: 6.015262084304626e-05, ic: 0.12147661533001866
Epoch 22: 2022-05-05 16:55:15.814429: train loss: 0.0001270248270310716
Eval step 0: eval loss: 6.22241132077761e-05
Eval: 2022-05-05 16:55:18.489261: total loss: 0.00011299913838697906, mse:0.00022599828090481171, ic :-0.0027724907173358147, sharpe5:0.26776035368442536, irr5:0.08190030604600906, ndcg5:0.8444660038385399, pnl5:0.9654267430305481 
train 23, step: 0, loss: 9.507069626124576e-05, grad_norm: 6.125858684788149e-05, ic: 0.07434557316087065
train 23, step: 500, loss: 6.899278378114104e-05, grad_norm: 5.177154735008192e-06, ic: 0.04612766584113568
Epoch 23: 2022-05-05 16:55:23.205074: train loss: 0.00012719182944525081
Eval step 0: eval loss: 6.442251469707116e-05
Eval: 2022-05-05 16:55:25.800704: total loss: 0.00011269392578620627, mse:0.00022538785536801767, ic :-0.003289563524096906, sharpe5:0.20307060775347052, irr5:0.06241539120674133, ndcg5:0.8501124462808086, pnl5:0.9552798271179199 
train 24, step: 0, loss: 0.00010647778981365263, grad_norm: 4.589630844642522e-06, ic: 0.052773904451464224
train 24, step: 500, loss: 0.00019209730089642107, grad_norm: 8.685851365035616e-05, ic: -0.06946699855677198
Epoch 24: 2022-05-05 16:55:30.421631: train loss: 0.00012655327269959357
Eval step 0: eval loss: 6.936774298083037e-05
Eval: 2022-05-05 16:55:32.958214: total loss: 0.0001136644143005223, mse:0.00022732883153156488, ic :-0.0038515011269743367, sharpe5:-1.1161367677152156, irr5:-0.20954731106758118, ndcg5:0.8499004148579007, pnl5:0.8191377520561218 
train 25, step: 0, loss: 0.00010712412768043578, grad_norm: 7.205136753007412e-05, ic: 0.08561464585506438
train 25, step: 500, loss: 9.207420953316614e-05, grad_norm: 4.3480512281828574e-05, ic: 0.012207252731579424
Epoch 25: 2022-05-05 16:55:37.926584: train loss: 0.00012713710512472708
Eval step 0: eval loss: 6.1001876019872725e-05
Eval: 2022-05-05 16:55:40.717981: total loss: 0.00011390906001906842, mse:0.00022781812421433412, ic :-0.0036519211326760904, sharpe5:0.13719579426571726, irr5:0.04277115687727928, ndcg5:0.8462668519125541, pnl5:0.9620027542114258 
train 26, step: 0, loss: 8.161159348674119e-05, grad_norm: 7.881958465393707e-06, ic: 0.10593697497940652
train 26, step: 500, loss: 5.145012983120978e-05, grad_norm: 7.5975088994369e-08, ic: -0.06856680604468307
Epoch 26: 2022-05-05 16:55:46.112201: train loss: 0.0001267303449661567
Eval step 0: eval loss: 7.452166028087959e-05
Eval: 2022-05-05 16:55:48.822078: total loss: 0.00011576181377399119, mse:0.00023152363242846943, ic :-0.0036239956066738293, sharpe5:0.17528881391510368, irr5:0.05483130365610123, ndcg5:0.8438239756958031, pnl5:0.9679629802703857 
train 27, step: 0, loss: 9.084399789571762e-05, grad_norm: 3.8461093289117084e-06, ic: -0.05362315493872491
train 27, step: 500, loss: 0.00013535338803194463, grad_norm: 9.15429033692787e-06, ic: -0.2372881771891568
Epoch 27: 2022-05-05 16:55:53.978033: train loss: 0.00012711997428620396
Eval step 0: eval loss: 6.480010779341683e-05
Eval: 2022-05-05 16:55:56.605540: total loss: 0.00011269583439062488, mse:0.00022539167425436618, ic :-0.003645144176593243, sharpe5:0.14335700749419628, irr5:0.04494961351156235, ndcg5:0.8558317867057141, pnl5:0.9971931576728821 
train 28, step: 0, loss: 0.00016694047371856868, grad_norm: 8.839440216135012e-06, ic: -0.07554995424459619
train 28, step: 500, loss: 7.999956869753078e-05, grad_norm: 1.8464182086523144e-05, ic: 0.12895744779419205
Epoch 28: 2022-05-05 16:56:01.611352: train loss: 0.00012629657851995584
Eval step 0: eval loss: 6.719115481246263e-05
Eval: 2022-05-05 16:56:04.062681: total loss: 0.00011306540375790461, mse:0.0002261308119381878, ic :-0.0037593369834039722, sharpe5:0.47355261141434307, irr5:0.13892382383346558, ndcg5:0.8425008329241398, pnl5:1.0524425506591797 
train 29, step: 0, loss: 0.00011559078120626509, grad_norm: 4.842538098680498e-07, ic: -0.1047203432152246
train 29, step: 500, loss: 9.815439261728898e-05, grad_norm: 5.17471755554069e-05, ic: 0.2053270429985799
Epoch 29: 2022-05-05 16:56:09.242396: train loss: 0.00012654310506923382
Eval step 0: eval loss: 7.530972652602941e-05
Eval: 2022-05-05 16:56:11.682714: total loss: 0.00011611549195736407, mse:0.00023223098652958973, ic :-0.0036793772756420584, sharpe5:0.9229583998024463, irr5:0.2502279579639435, ndcg5:0.8545664893580818, pnl5:1.0724068880081177 
train 30, step: 0, loss: 0.00012234995665494353, grad_norm: 3.1364855806583226e-05, ic: 0.039455027544842015
train 30, step: 500, loss: 0.0001812471164157614, grad_norm: 3.947573491208496e-06, ic: 0.0432928355455708
Epoch 30: 2022-05-05 16:56:16.449294: train loss: 0.00012676546632483127
Eval step 0: eval loss: 7.133305189199746e-05
Eval: 2022-05-05 16:56:18.875374: total loss: 0.00011440199783885766, mse:0.00022880400108269574, ic :-0.0033791620813441395, sharpe5:-0.30895278761163353, irr5:-0.08993460983037949, ndcg5:0.8581319230015553, pnl5:1.046804428100586 
train 31, step: 0, loss: 5.023847188567743e-05, grad_norm: 1.4888132470800236e-05, ic: 0.1282405552036589
train 31, step: 500, loss: 6.549262616317719e-05, grad_norm: 1.7233156644794701e-06, ic: -0.03294222607687575
Epoch 31: 2022-05-05 16:56:23.919627: train loss: 0.00012656661435946314
Eval step 0: eval loss: 6.067337380954996e-05
Eval: 2022-05-05 16:56:26.482960: total loss: 0.00011428487806771089, mse:0.0002285697628004683, ic :-0.003263893978789145, sharpe5:-0.2058636899013072, irr5:-0.05800236761569977, ndcg5:0.8535383392197777, pnl5:0.8922287225723267 
train 32, step: 0, loss: 7.972938328748569e-05, grad_norm: 1.1036631816985202e-05, ic: 0.1260866000463473
train 32, step: 500, loss: 0.00014323522918857634, grad_norm: 7.651798529187625e-06, ic: 0.012273425544443625
Epoch 32: 2022-05-05 16:56:31.644722: train loss: 0.00012649181885754517
Eval step 0: eval loss: 6.231376755749807e-05
Eval: 2022-05-05 16:56:34.222091: total loss: 0.00011298815204048179, mse:0.0002259763082876711, ic :-0.0026700390732759933, sharpe5:-0.20762623032554983, irr5:-0.060345359146595, ndcg5:0.8573089108695385, pnl5:0.9241923093795776 
train 33, step: 0, loss: 9.653854795033112e-05, grad_norm: 4.521782258488467e-06, ic: 0.1000717033085221
train 33, step: 500, loss: 5.5061747843865305e-05, grad_norm: 1.8801079891479534e-06, ic: -0.06944350126996589
Epoch 33: 2022-05-05 16:56:39.551169: train loss: 0.0001266122117936552
Eval step 0: eval loss: 6.975632277317345e-05
Eval: 2022-05-05 16:56:42.090218: total loss: 0.00011385881362201272, mse:0.00022771763194256287, ic :-0.0020089261015237302, sharpe5:0.6809258066117763, irr5:0.18068915605545044, ndcg5:0.8445452747952452, pnl5:0.9980099201202393 
train 34, step: 0, loss: 7.427533273585141e-05, grad_norm: 6.7582995231414115e-06, ic: -0.04608995160011702
train 34, step: 500, loss: 8.810239523882046e-05, grad_norm: 7.735591837732136e-06, ic: 0.10328082309192468
Epoch 34: 2022-05-05 16:56:47.169422: train loss: 0.00012635000701966467
Eval step 0: eval loss: 6.098207086324692e-05
Eval: 2022-05-05 16:56:49.715067: total loss: 0.00011388017548406782, mse:0.00022776035419465893, ic :-0.000680188767251033, sharpe5:0.9299677684530615, irr5:0.2480582892894745, ndcg5:0.8510723996098626, pnl5:1.0567817687988281 
train 35, step: 0, loss: 0.00022144107788335532, grad_norm: 0.0002117875804431722, ic: 0.30625821346300236
train 35, step: 500, loss: 0.00019023730419576168, grad_norm: 0.00011084647968092466, ic: -0.19641524310335273
Epoch 35: 2022-05-05 16:56:54.923938: train loss: 0.0001263702621670327
Eval step 0: eval loss: 6.577344902325422e-05
Eval: 2022-05-05 16:56:57.636538: total loss: 0.00011289026748653863, mse:0.0002257805396627906, ic :0.0009239290845351343, sharpe5:0.7867252918705344, irr5:0.22643384337425232, ndcg5:0.8477734050116331, pnl5:1.0934665203094482 
train 36, step: 0, loss: 0.00025748004554770887, grad_norm: 0.0001304529061682798, ic: 0.1674053146372843
train 36, step: 500, loss: 0.0003182077198289335, grad_norm: 7.293996886309719e-05, ic: 0.06756147132018721
Epoch 36: 2022-05-05 16:57:03.144501: train loss: 0.00012611035245185424
Eval step 0: eval loss: 7.895591261330992e-05
Eval: 2022-05-05 16:57:05.764910: total loss: 0.00011803844747159988, mse:0.00023607689912247203, ic :-0.0009395074251355593, sharpe5:0.3068437871150672, irr5:0.09685523062944412, ndcg5:0.8500786281411585, pnl5:1.0242533683776855 
train 37, step: 0, loss: 0.00021043201559223235, grad_norm: 0.0002355633915134817, ic: 0.29227607776582143
train 37, step: 500, loss: 9.55572395469062e-05, grad_norm: 1.9213666983246297e-05, ic: 0.058730189406052576
Epoch 37: 2022-05-05 16:57:10.532796: train loss: 0.00012653111268123138
Eval step 0: eval loss: 6.614405720029026e-05
Eval: 2022-05-05 16:57:12.981444: total loss: 0.00011285628887568499, mse:0.0002257125804876734, ic :0.001674073150527379, sharpe5:-0.2935132403299212, irr5:-0.08669667690992355, ndcg5:0.8564810365386539, pnl5:0.9427550435066223 
train 38, step: 0, loss: 9.404194133821875e-05, grad_norm: 6.270215578443197e-06, ic: -0.06247479859316598
train 38, step: 500, loss: 0.00014989702322054654, grad_norm: 5.237180890858747e-07, ic: 0.03667833203876528
Epoch 38: 2022-05-05 16:57:17.917906: train loss: 0.00012617714042682885
Eval step 0: eval loss: 6.0993108490947634e-05
Eval: 2022-05-05 16:57:20.487864: total loss: 0.00011359409296449973, mse:0.0002271881896779025, ic :0.006642833586099895, sharpe5:0.2691787101700902, irr5:0.08496570587158203, ndcg5:0.8483316350376757, pnl5:1.0181283950805664 
train 39, step: 0, loss: 0.00017513953207526356, grad_norm: 0.00012086885923008427, ic: 0.29189045985944884
train 39, step: 500, loss: 0.00012365072325337678, grad_norm: 2.089178923668498e-05, ic: -0.2707071863444208
Epoch 39: 2022-05-05 16:57:25.699909: train loss: 0.00012605112491665473
Eval step 0: eval loss: 6.842438597232103e-05
Eval: 2022-05-05 16:57:28.187208: total loss: 0.00011341378919047703, mse:0.00022682757922444245, ic :0.0008885015064127664, sharpe5:0.14856416596099734, irr5:0.046577371656894684, ndcg5:0.8442078210579489, pnl5:0.9980336427688599 
